<?xml version="1.0" encoding="UTF-8"?>
<testsuite xmlns:xsi="http://www.w3.org/2001/XMLSchema-instance" xsi:noNamespaceSchemaLocation="https://maven.apache.org/surefire/maven-surefire-plugin/xsd/surefire-test-report.xsd" name="com.mewna.catnip.shard.ratelimit.MemoryRatelimiterTest" time="1.493" tests="3" errors="0" skipped="0" failures="0">
  <properties>
[...]
</properties>
  <testcase name="testLateResetAt" classname="com.mewna.catnip.shard.ratelimit.MemoryRatelimiterTest" time="0"/>
  <testcase name="testCheckRatelimitInternalWithBucket" classname="com.mewna.catnip.shard.ratelimit.MemoryRatelimiterTest" time="0.74"/>
  <testcase name="testCheckRatelimitInternalWithoutBucket" classname="com.mewna.catnip.shard.ratelimit.MemoryRatelimiterTest" time="0.751"/>
</testsuite>