<?xml version="1.0" encoding="UTF-8"?>
<testsuite xmlns:xsi="http://www.w3.org/2001/XMLSchema-instance" xsi:noNamespaceSchemaLocation="https://maven.apache.org/surefire/maven-surefire-plugin/xsd/surefire-test-report.xsd" name="com.mewna.catnip.entity.CodecTest" time="1.548" tests="48" errors="1" skipped="0" failures="0">
  <properties>
[...]
</properties>
  <testcase name="webhooksUpdate" classname="com.mewna.catnip.entity.CodecTest" time="1.065"/>
  <testcase name="bulkRemovedReactions" classname="com.mewna.catnip.entity.CodecTest" time="0.005"/>
  <testcase name="groupDmChannel" classname="com.mewna.catnip.entity.CodecTest" time="0.028"/>
  <testcase name="customEmoji" classname="com.mewna.catnip.entity.CodecTest" time="0.012"/>
  <testcase name="permissionOverride" classname="com.mewna.catnip.entity.CodecTest" time="0.01"/>
  <testcase name="voiceState" classname="com.mewna.catnip.entity.CodecTest" time="0.006"/>
  <testcase name="guildEmbed" classname="com.mewna.catnip.entity.CodecTest" time="0.003"/>
  <testcase name="presenceUpdate" classname="com.mewna.catnip.entity.CodecTest" time="0.032"/>
  <testcase name="typingUser" classname="com.mewna.catnip.entity.CodecTest" time="0.008"/>
  <testcase name="deletedMessage" classname="com.mewna.catnip.entity.CodecTest" time="0.004"/>
  <testcase name="guildBan" classname="com.mewna.catnip.entity.CodecTest" time="0.003"/>
  <testcase name="presence" classname="com.mewna.catnip.entity.CodecTest" time="0.005"/>
  <testcase name="applicationInfo" classname="com.mewna.catnip.entity.CodecTest" time="0.026">
    <error message="Unrecognized field &quot;name&quot; (class com.mewna.catnip.entity.impl.ApplicationInfoBuilder), not marked as ignorable (0 known properties: ])&#10; at [Source: UNKNOWN; line: -1, column: -1] (through reference chain: com.mewna.catnip.entity.impl.ApplicationInfoBuilder[&quot;name&quot;])" type="java.lang.IllegalArgumentException">java.lang.IllegalArgumentException: 
Unrecognized field "name" (class com.mewna.catnip.entity.impl.ApplicationInfoBuilder), not marked as ignorable (0 known properties: ])
 at [Source: UNKNOWN; line: -1, column: -1] (through reference chain: com.mewna.catnip.entity.impl.ApplicationInfoBuilder["name"])
	at com.mewna.catnip.entity.CodecTest.test(CodecTest.java:95)
	at com.mewna.catnip.entity.CodecTest.applicationInfo(CodecTest.java:128)
Caused by: com.fasterxml.jackson.databind.exc.UnrecognizedPropertyException: 
Unrecognized field "name" (class com.mewna.catnip.entity.impl.ApplicationInfoBuilder), not marked as ignorable (0 known properties: ])
 at [Source: UNKNOWN; line: -1, column: -1] (through reference chain: com.mewna.catnip.entity.impl.ApplicationInfoBuilder["name"])
	at com.mewna.catnip.entity.CodecTest.test(CodecTest.java:95)
	at com.mewna.catnip.entity.CodecTest.applicationInfo(CodecTest.java:128)
</error>
    <system-out><![CDATA[2019-02-16 22:12:44 [main] TRACE com.mewna.catnip.util.JsonPojoCodec - Received raw json {"name":"SAMUEL L. IPSUM bot","icon":"whatever.jpeg","description":"Well, the way they make shows is, they make one show. That show's called a pilot. Then they show that show to the people who make shows, and on the strength of that one show they decide if they're going to make more shows. Some pilots get picked and become television programs. Some don't, become nothing. She starred in one of the ones that became nothing.","rpcOrigins":["2491478879256341605","6764885925456749394"],"publicBot":true,"requiresCodeGrant":false,"owner":{"idAsLong":3507089585222141744,"username":"Kotlin4Lyfe","discriminator":"0001","avatar":"kotlin4lyfe.jpeg","bot":true},"idAsLong":7384981989917820250}
]]></system-out>
  </testcase>
  <testcase name="invite" classname="com.mewna.catnip.entity.CodecTest" time="0.005"/>
  <testcase name="member" classname="com.mewna.catnip.entity.CodecTest" time="0.013"/>
  <testcase name="voiceServerUpdate" classname="com.mewna.catnip.entity.CodecTest" time="0.003"/>
  <testcase name="gatewayInfo" classname="com.mewna.catnip.entity.CodecTest" time="0.003"/>
  <testcase name="auditLogEntry" classname="com.mewna.catnip.entity.CodecTest" time="0.015"/>
  <testcase name="memberPruneInfo" classname="com.mewna.catnip.entity.CodecTest" time="0.001"/>
  <testcase name="messageEmbedUpdate" classname="com.mewna.catnip.entity.CodecTest" time="0.041"/>
  <testcase name="overrideUpdateInfo" classname="com.mewna.catnip.entity.CodecTest" time="0.004"/>
  <testcase name="voiceRegion" classname="com.mewna.catnip.entity.CodecTest" time="0.002"/>
  <testcase name="textChannel" classname="com.mewna.catnip.entity.CodecTest" time="0.007"/>
  <testcase name="applicationOwner" classname="com.mewna.catnip.entity.CodecTest" time="0.002"/>
  <testcase name="role" classname="com.mewna.catnip.entity.CodecTest" time="0.006"/>
  <testcase name="user" classname="com.mewna.catnip.entity.CodecTest" time="0.002"/>
  <testcase name="category" classname="com.mewna.catnip.entity.CodecTest" time="0.005"/>
  <testcase name="embed" classname="com.mewna.catnip.entity.CodecTest" time="0.008"/>
  <testcase name="guild" classname="com.mewna.catnip.entity.CodecTest" time="0.025"/>
  <testcase name="ready" classname="com.mewna.catnip.entity.CodecTest" time="0.016"/>
  <testcase name="reactionUpdate" classname="com.mewna.catnip.entity.CodecTest" time="0.005"/>
  <testcase name="partialGuild" classname="com.mewna.catnip.entity.CodecTest" time="0.012"/>
  <testcase name="partialRole" classname="com.mewna.catnip.entity.CodecTest" time="0.004"/>
  <testcase name="auditLogChange" classname="com.mewna.catnip.entity.CodecTest" time="0.004"/>
  <testcase name="userDMChannel" classname="com.mewna.catnip.entity.CodecTest" time="0.004"/>
  <testcase name="voiceChannel" classname="com.mewna.catnip.entity.CodecTest" time="0.008"/>
  <testcase name="bulkDeletedMessages" classname="com.mewna.catnip.entity.CodecTest" time="0.007"/>
  <testcase name="unavailableGuild" classname="com.mewna.catnip.entity.CodecTest" time="0.003"/>
  <testcase name="message" classname="com.mewna.catnip.entity.CodecTest" time="0.033"/>
  <testcase name="messageDeleteInfo" classname="com.mewna.catnip.entity.CodecTest" time="0.006"/>
  <testcase name="resumed" classname="com.mewna.catnip.entity.CodecTest" time="0.003"/>
  <testcase name="webhook" classname="com.mewna.catnip.entity.CodecTest" time="0.009"/>
  <testcase name="partialMember" classname="com.mewna.catnip.entity.CodecTest" time="0.006"/>
  <testcase name="createdInvite" classname="com.mewna.catnip.entity.CodecTest" time="0.025"/>
  <testcase name="emojiUpdate" classname="com.mewna.catnip.entity.CodecTest" time="0.014"/>
  <testcase name="channelPinsUpdate" classname="com.mewna.catnip.entity.CodecTest" time="0.004"/>
  <testcase name="gatewayGuildBan" classname="com.mewna.catnip.entity.CodecTest" time="0.003"/>
  <testcase name="unicodeEmoji" classname="com.mewna.catnip.entity.CodecTest" time="0.005"/>
</testsuite>